<?xml version="1.0" encoding="UTF-8"?>
<!-- Generated by org.testng.reporters.JUnitReportReporter -->
<testsuite hostname="DESKTOP-5EESGLJ" name="TestNGEx.AllAnnatations" tests="2" failures="0" timestamp="10 Nov 2017 05:30:01 GMT" time="0.016" errors="0">
  <testcase name="test7" time="0.005" classname="TestNGEx.AllAnnatations"/>
  <testcase name="test6" time="0.011" classname="TestNGEx.AllAnnatations"/>
</testsuite> <!-- TestNGEx.AllAnnatations -->
